2021-12-10 11:43:23.462  INFO 7196 --- [restartedMain] com.example.WebShop.WebShopApplication   : Starting WebShopApplication using Java 17.0.1 on DESKTOP-FNSTC71 with PID 7196 (C:\Users\lunaz\OneDrive\Desktop\SEP\SEP\WebShop\target\classes started by lunaz in C:\Users\lunaz\OneDrive\Desktop\SEP\SEP\WebShop)
2021-12-10 11:43:23.482 DEBUG 7196 --- [restartedMain] com.example.WebShop.WebShopApplication   : Running with Spring Boot v2.4.0, Spring v5.3.1
2021-12-10 11:43:23.483  INFO 7196 --- [restartedMain] com.example.WebShop.WebShopApplication   : No active profile set, falling back to default profiles: default
2021-12-10 11:43:23.616  INFO 7196 --- [restartedMain] o.s.b.devtools.restart.ChangeableUrls    : The Class-Path manifest attribute in C:\Users\lunaz\.m2\repository\com\sun\xml\ws\jaxws-rt\2.1.4\jaxws-rt-2.1.4.jar referenced one or more files that do not exist: file:/C:/Users/lunaz/.m2/repository/com/sun/xml/ws/jaxws-rt/2.1.4/jaxws-api.jar,file:/C:/Users/lunaz/.m2/repository/com/sun/xml/ws/jaxws-rt/2.1.4/jsr181-api.jar,file:/C:/Users/lunaz/.m2/repository/com/sun/xml/ws/jaxws-rt/2.1.4/jsr250-api.jar,file:/C:/Users/lunaz/.m2/repository/com/sun/xml/ws/jaxws-rt/2.1.4/saaj-api.jar,file:/C:/Users/lunaz/.m2/repository/com/sun/xml/ws/jaxws-rt/2.1.4/saaj-impl.jar,file:/C:/Users/lunaz/.m2/repository/com/sun/xml/ws/jaxws-rt/2.1.4/jsr173_api.jar,file:/C:/Users/lunaz/.m2/repository/com/sun/xml/ws/jaxws-rt/2.1.4/sjsxp.jar,file:/C:/Users/lunaz/.m2/repository/com/sun/xml/ws/jaxws-rt/2.1.4/resolver.jar,file:/C:/Users/lunaz/.m2/repository/com/sun/xml/ws/jaxws-rt/2.1.4/jaxb-api.jar,file:/C:/Users/lunaz/.m2/repository/com/sun/xml/ws/jaxws-rt/2.1.4/jaxb-impl.jar,file:/C:/Users/lunaz/.m2/repository/com/sun/xml/ws/jaxws-rt/2.1.4/activation.jar,file:/C:/Users/lunaz/.m2/repository/com/sun/xml/ws/jaxws-rt/2.1.4/stax-ex.jar,file:/C:/Users/lunaz/.m2/repository/com/sun/xml/ws/jaxws-rt/2.1.4/streambuffer.jar,file:/C:/Users/lunaz/.m2/repository/com/sun/xml/ws/jaxws-rt/2.1.4/stax-utils.jar
2021-12-10 11:43:23.618  INFO 7196 --- [restartedMain] o.s.b.devtools.restart.ChangeableUrls    : The Class-Path manifest attribute in C:\Users\lunaz\.m2\repository\com\sun\xml\bind\jaxb-impl\2.1.7\jaxb-impl-2.1.7.jar referenced one or more files that do not exist: file:/C:/Users/lunaz/.m2/repository/com/sun/xml/bind/jaxb-impl/2.1.7/jaxb-api.jar,file:/C:/Users/lunaz/.m2/repository/com/sun/xml/bind/jaxb-impl/2.1.7/activation.jar,file:/C:/Users/lunaz/.m2/repository/com/sun/xml/bind/jaxb-impl/2.1.7/jsr173_1.0_api.jar,file:/C:/Users/lunaz/.m2/repository/com/sun/xml/bind/jaxb-impl/2.1.7/jaxb1-impl.jar
2021-12-10 11:43:23.618  INFO 7196 --- [restartedMain] o.s.b.devtools.restart.ChangeableUrls    : The Class-Path manifest attribute in C:\Users\lunaz\.m2\repository\org\jopendocument\jOpenDocument\1.2\jOpenDocument-1.2.jar referenced one or more files that do not exist: file:/C:/Users/lunaz/.m2/repository/org/jopendocument/jOpenDocument/1.2/xbean.jar
2021-12-10 11:43:23.619  INFO 7196 --- [restartedMain] .e.DevToolsPropertyDefaultsPostProcessor : Devtools property defaults active! Set 'spring.devtools.add-properties' to 'false' to disable
2021-12-10 11:43:23.619  INFO 7196 --- [restartedMain] .e.DevToolsPropertyDefaultsPostProcessor : For additional web related logging consider setting the 'logging.level.web' property to 'DEBUG'
2021-12-10 11:43:26.762  INFO 7196 --- [restartedMain] .s.d.r.c.RepositoryConfigurationDelegate : Bootstrapping Spring Data JPA repositories in DEFERRED mode.
2021-12-10 11:43:27.213  INFO 7196 --- [restartedMain] .s.d.r.c.RepositoryConfigurationDelegate : Finished Spring Data repository scanning in 435 ms. Found 7 JPA repository interfaces.
2021-12-10 11:43:28.179  INFO 7196 --- [restartedMain] trationDelegate$BeanPostProcessorChecker : Bean 'org.springframework.security.access.expression.method.DefaultMethodSecurityExpressionHandler@161ac544' of type [org.springframework.security.access.expression.method.DefaultMethodSecurityExpressionHandler] is not eligible for getting processed by all BeanPostProcessors (for example: not eligible for auto-proxying)
2021-12-10 11:43:28.188  INFO 7196 --- [restartedMain] trationDelegate$BeanPostProcessorChecker : Bean 'methodSecurityMetadataSource' of type [org.springframework.security.access.method.DelegatingMethodSecurityMetadataSource] is not eligible for getting processed by all BeanPostProcessors (for example: not eligible for auto-proxying)
2021-12-10 11:43:29.258  INFO 7196 --- [restartedMain] o.s.b.w.embedded.tomcat.TomcatWebServer  : Tomcat initialized with port(s): 8085 (http)
2021-12-10 11:43:29.278  INFO 7196 --- [restartedMain] o.apache.catalina.core.StandardService   : Starting service [Tomcat]
2021-12-10 11:43:29.279  INFO 7196 --- [restartedMain] org.apache.catalina.core.StandardEngine  : Starting Servlet engine: [Apache Tomcat/9.0.39]
2021-12-10 11:43:29.640  INFO 7196 --- [restartedMain] o.a.c.c.C.[Tomcat].[localhost].[/]       : Initializing Spring embedded WebApplicationContext
2021-12-10 11:43:29.640  INFO 7196 --- [restartedMain] w.s.c.ServletWebServerApplicationContext : Root WebApplicationContext: initialization completed in 6018 ms
2021-12-10 11:43:29.994  INFO 7196 --- [restartedMain] o.s.s.concurrent.ThreadPoolTaskExecutor  : Initializing ExecutorService 'applicationTaskExecutor'
2021-12-10 11:43:30.018  INFO 7196 --- [restartedMain] o.s.s.c.ThreadPoolTaskScheduler          : Initializing ExecutorService 'taskScheduler'
2021-12-10 11:43:30.282  INFO 7196 --- [task-1] o.hibernate.jpa.internal.util.LogHelper  : HHH000204: Processing PersistenceUnitInfo [name: default]
2021-12-10 11:43:30.666  INFO 7196 --- [task-1] org.hibernate.Version                    : HHH000412: Hibernate ORM core version 5.4.23.Final
2021-12-10 11:43:31.207  WARN 7196 --- [restartedMain] JpaBaseConfiguration$JpaWebConfiguration : spring.jpa.open-in-view is enabled by default. Therefore, database queries may be performed during view rendering. Explicitly configure spring.jpa.open-in-view to disable this warning
2021-12-10 11:43:31.221  INFO 7196 --- [task-1] o.hibernate.annotations.common.Version   : HCANN000001: Hibernate Commons Annotations {5.1.2.Final}
2021-12-10 11:43:31.637  INFO 7196 --- [task-1] com.zaxxer.hikari.HikariDataSource       : HikariPool-1 - Starting...
2021-12-10 11:43:32.722  INFO 7196 --- [task-1] com.zaxxer.hikari.HikariDataSource       : HikariPool-1 - Start completed.
2021-12-10 11:43:32.761  INFO 7196 --- [task-1] org.hibernate.dialect.Dialect            : HHH000400: Using dialect: org.hibernate.dialect.MySQL8Dialect
2021-12-10 11:43:33.672  INFO 7196 --- [restartedMain] o.s.b.d.a.OptionalLiveReloadServer       : LiveReload server is running on port 35729
2021-12-10 11:43:34.959  INFO 7196 --- [restartedMain] o.s.s.web.DefaultSecurityFilterChain     : Will secure Ant [pattern='/', GET] with []
2021-12-10 11:43:34.960  INFO 7196 --- [restartedMain] o.s.s.web.DefaultSecurityFilterChain     : Will secure Ant [pattern='/webjars/**', GET] with []
2021-12-10 11:43:34.961  INFO 7196 --- [restartedMain] o.s.s.web.DefaultSecurityFilterChain     : Will secure Ant [pattern='/*.html', GET] with []
2021-12-10 11:43:34.961  INFO 7196 --- [restartedMain] o.s.s.web.DefaultSecurityFilterChain     : Will secure Ant [pattern='/favicon.ico', GET] with []
2021-12-10 11:43:34.964  INFO 7196 --- [restartedMain] o.s.s.web.DefaultSecurityFilterChain     : Will secure Ant [pattern='/**/*.html', GET] with []
2021-12-10 11:43:34.964  INFO 7196 --- [restartedMain] o.s.s.web.DefaultSecurityFilterChain     : Will secure Ant [pattern='/**/*.css', GET] with []
2021-12-10 11:43:34.966  INFO 7196 --- [restartedMain] o.s.s.web.DefaultSecurityFilterChain     : Will secure Ant [pattern='/**/*.js', GET] with []
2021-12-10 11:43:34.966  INFO 7196 --- [restartedMain] o.s.s.web.DefaultSecurityFilterChain     : Will secure Ant [pattern='/api/auth/login', POST] with []
2021-12-10 11:43:34.966  INFO 7196 --- [restartedMain] o.s.s.web.DefaultSecurityFilterChain     : Will secure Ant [pattern='/api/auth/signup', POST] with []
2021-12-10 11:43:34.967  INFO 7196 --- [restartedMain] o.s.s.web.DefaultSecurityFilterChain     : Will secure Ant [pattern='/api/items/add', POST] with []
2021-12-10 11:43:35.057  INFO 7196 --- [restartedMain] o.s.s.web.DefaultSecurityFilterChain     : Will secure any request with [org.springframework.security.web.context.request.async.WebAsyncManagerIntegrationFilter@31334765, org.springframework.security.web.context.SecurityContextPersistenceFilter@684ce0fe, org.springframework.security.web.header.HeaderWriterFilter@6e95c331, org.springframework.web.filter.CorsFilter@303ac17f, org.springframework.security.web.authentication.logout.LogoutFilter@23773ba, com.example.WebShop.Authentication.TokenAuthenticationFilter@3b5c86d9, org.springframework.security.web.savedrequest.RequestCacheAwareFilter@234d2941, org.springframework.security.web.servletapi.SecurityContextHolderAwareRequestFilter@6b2cb08a, org.springframework.security.web.authentication.AnonymousAuthenticationFilter@3123a61a, org.springframework.security.web.session.SessionManagementFilter@2ed5b97f, org.springframework.security.web.access.ExceptionTranslationFilter@5d61567, org.springframework.security.web.access.intercept.FilterSecurityInterceptor@590741db]
2021-12-10 11:43:35.143  WARN 7196 --- [restartedMain] ion$DefaultTemplateResolverConfiguration : Cannot find template location: classpath:/templates/ (please add some templates or check your Thymeleaf configuration)
2021-12-10 11:43:35.752  INFO 7196 --- [restartedMain] o.s.b.w.embedded.tomcat.TomcatWebServer  : Tomcat started on port(s): 8085 (http) with context path ''
2021-12-10 11:43:36.574  INFO 7196 --- [restartedMain] DeferredRepositoryInitializationListener : Triggering deferred initialization of Spring Data repositories…
2021-12-10 11:43:58.677  INFO 7196 --- [task-1] o.h.e.t.j.p.i.JtaPlatformInitiator       : HHH000490: Using JtaPlatform implementation: [org.hibernate.engine.transaction.jta.platform.internal.NoJtaPlatform]
2021-12-10 11:43:58.690  INFO 7196 --- [task-1] j.LocalContainerEntityManagerFactoryBean : Initialized JPA EntityManagerFactory for persistence unit 'default'
2021-12-10 11:43:59.784  INFO 7196 --- [restartedMain] DeferredRepositoryInitializationListener : Spring Data repositories initialized!
2021-12-10 11:43:59.805  INFO 7196 --- [restartedMain] com.example.WebShop.WebShopApplication   : Started WebShopApplication in 37.132 seconds (JVM running for 39.901)
2021-12-10 11:44:34.575  INFO 7196 --- [http-nio-8085-exec-1] o.a.c.c.C.[Tomcat].[localhost].[/]       : Initializing Spring DispatcherServlet 'dispatcherServlet'
2021-12-10 11:44:34.576  INFO 7196 --- [http-nio-8085-exec-1] o.s.web.servlet.DispatcherServlet        : Initializing Servlet 'dispatcherServlet'
2021-12-10 11:44:34.580  INFO 7196 --- [http-nio-8085-exec-1] o.s.web.servlet.DispatcherServlet        : Completed initialization in 2 ms
2021-12-10 11:44:35.229  INFO 7196 --- [http-nio-8085-exec-1] c.e.W.C.AuthenticationController         : User admin has just logged in.
2021-12-10 11:45:59.147  INFO 7196 --- [http-nio-8085-exec-6] c.e.W.Controllers.ProductController      : Adding new product: chair
2021-12-10 11:45:59.649  INFO 7196 --- [http-nio-8085-exec-7] c.e.W.Controllers.ProductController      : Uploading picture
2021-12-10 11:46:05.583  INFO 7196 --- [http-nio-8085-exec-8] c.e.W.Controllers.ProductController      : User admin is overviewing products.
2021-12-10 11:46:15.743  INFO 7196 --- [http-nio-8085-exec-10] c.e.W.C.PaymentMethodController          : Overview of the currently choosen payment mathods for webshop
2021-12-10 11:46:20.584  INFO 7196 --- [http-nio-8085-exec-2] c.e.W.C.PaymentMethodController          : Payment methods had been added to the webshop: 
2021-12-10 11:48:13.075  INFO 7196 --- [http-nio-8085-exec-4] c.e.W.C.PaymentMethodController          : Overview of the currently choosen payment mathods for webshop
2021-12-10 11:48:59.354  INFO 7196 --- [http-nio-8085-exec-5] c.e.W.C.PaymentMethodController          : Overview of the currently choosen payment mathods for webshop
2021-12-10 11:49:17.970  INFO 7196 --- [http-nio-8085-exec-6] c.e.W.C.PaymentMethodController          : Payment methods had been added to the webshop: 
2021-12-10 11:49:21.434  INFO 7196 --- [http-nio-8085-exec-7] c.e.W.C.PaymentMethodController          : Overview of the currently choosen payment mathods for webshop
2021-12-10 11:49:36.194  INFO 7196 --- [http-nio-8085-exec-8] c.e.W.C.PaymentMethodController          : Overview of the currently choosen payment mathods for webshop
2021-12-10 11:49:46.422  INFO 7196 --- [http-nio-8085-exec-9] c.e.W.C.AuthenticationController         : User user has just logged in.
2021-12-10 11:49:46.758  INFO 7196 --- [http-nio-8085-exec-10] c.e.W.Controllers.ProductController      : User user is overviewing products.
2021-12-10 11:49:55.265  INFO 7196 --- [http-nio-8085-exec-2] c.e.WebShop.Controllers.CartController   : Item with id: 1has just been added to the cart by user user
2021-12-10 11:49:57.492  INFO 7196 --- [http-nio-8085-exec-3] c.e.W.Controllers.ProductController      : User user is overviewing products.
2021-12-10 11:49:59.624  INFO 7196 --- [http-nio-8085-exec-5] c.e.WebShop.Controllers.CartController   : User: useris viewing its cart.
2021-12-10 12:15:49.386  INFO 7196 --- [http-nio-8085-exec-7] c.e.WebShop.Controllers.CartController   : User: useris viewing its cart.
2021-12-10 12:19:20.372  INFO 7196 --- [http-nio-8085-exec-9] c.e.WebShop.Controllers.CartController   : User: useris viewing its cart.
2021-12-10 12:19:51.118  INFO 7196 --- [http-nio-8085-exec-10] c.e.WebShop.Controllers.CartController   : User: useris viewing its cart.
2021-12-10 12:20:29.925  INFO 7196 --- [http-nio-8085-exec-2] c.e.WebShop.Controllers.CartController   : User: useris viewing its cart.
2021-12-10 12:20:58.072  INFO 7196 --- [http-nio-8085-exec-3] c.e.WebShop.Controllers.CartController   : User: useris viewing its cart.
2021-12-10 12:21:14.969  INFO 7196 --- [http-nio-8085-exec-4] c.e.WebShop.Controllers.CartController   : User: useris viewing its cart.
2021-12-10 12:31:59.655  INFO 7196 --- [http-nio-8085-exec-6] c.e.WebShop.Controllers.CartController   : User: useris viewing its cart.
2021-12-10 12:32:44.631  INFO 7196 --- [http-nio-8085-exec-7] c.e.WebShop.Controllers.CartController   : User: useris viewing its cart.
2021-12-10 12:33:02.652  INFO 7196 --- [http-nio-8085-exec-8] c.e.WebShop.Controllers.CartController   : User: useris viewing its cart.
2021-12-10 12:33:40.267  INFO 7196 --- [http-nio-8085-exec-9] c.e.WebShop.Controllers.CartController   : User: useris viewing its cart.
2021-12-10 12:34:17.442  INFO 7196 --- [http-nio-8085-exec-10] c.e.WebShop.Controllers.CartController   : User: useris viewing its cart.
2021-12-10 12:34:24.017  INFO 7196 --- [http-nio-8085-exec-1] c.e.WebShop.Controllers.CartController   : User: useris viewing its cart.
2021-12-10 12:34:55.066  INFO 7196 --- [http-nio-8085-exec-2] c.e.WebShop.Controllers.CartController   : User: useris viewing its cart.
2021-12-10 12:35:59.676  INFO 7196 --- [http-nio-8085-exec-4] c.e.WebShop.Controllers.CartController   : User: useris viewing its cart.
2021-12-10 12:36:30.458  INFO 7196 --- [http-nio-8085-exec-5] c.e.WebShop.Controllers.CartController   : User: useris viewing its cart.
2021-12-10 12:37:48.407  INFO 7196 --- [http-nio-8085-exec-7] c.e.WebShop.Controllers.CartController   : User: useris viewing its cart.
2021-12-10 12:39:27.461  INFO 7196 --- [http-nio-8085-exec-9] c.e.WebShop.Controllers.CartController   : User: useris viewing its cart.
2021-12-10 12:42:12.211  INFO 7196 --- [SpringContextShutdownHook] j.LocalContainerEntityManagerFactoryBean : Closing JPA EntityManagerFactory for persistence unit 'default'
2021-12-10 12:42:12.215  INFO 7196 --- [SpringContextShutdownHook] o.s.s.c.ThreadPoolTaskScheduler          : Shutting down ExecutorService 'taskScheduler'
2021-12-10 12:42:12.216  INFO 7196 --- [SpringContextShutdownHook] o.s.s.concurrent.ThreadPoolTaskExecutor  : Shutting down ExecutorService 'applicationTaskExecutor'
2021-12-10 12:42:12.219  INFO 7196 --- [SpringContextShutdownHook] com.zaxxer.hikari.HikariDataSource       : HikariPool-1 - Shutdown initiated...
2021-12-10 12:42:12.231  INFO 7196 --- [SpringContextShutdownHook] com.zaxxer.hikari.HikariDataSource       : HikariPool-1 - Shutdown completed.
2021-12-10 15:30:11.940  INFO 10116 --- [restartedMain] com.example.WebShop.WebShopApplication   : Starting WebShopApplication using Java 17.0.1 on DESKTOP-FNSTC71 with PID 10116 (C:\Users\lunaz\OneDrive\Desktop\SEP\SEP\WebShop\target\classes started by lunaz in C:\Users\lunaz\OneDrive\Desktop\SEP\SEP\WebShop)
2021-12-10 15:30:11.956 DEBUG 10116 --- [restartedMain] com.example.WebShop.WebShopApplication   : Running with Spring Boot v2.4.0, Spring v5.3.1
2021-12-10 15:30:11.957  INFO 10116 --- [restartedMain] com.example.WebShop.WebShopApplication   : No active profile set, falling back to default profiles: default
2021-12-10 15:30:12.074  INFO 10116 --- [restartedMain] o.s.b.devtools.restart.ChangeableUrls    : The Class-Path manifest attribute in C:\Users\lunaz\.m2\repository\com\sun\xml\ws\jaxws-rt\2.1.4\jaxws-rt-2.1.4.jar referenced one or more files that do not exist: file:/C:/Users/lunaz/.m2/repository/com/sun/xml/ws/jaxws-rt/2.1.4/jaxws-api.jar,file:/C:/Users/lunaz/.m2/repository/com/sun/xml/ws/jaxws-rt/2.1.4/jsr181-api.jar,file:/C:/Users/lunaz/.m2/repository/com/sun/xml/ws/jaxws-rt/2.1.4/jsr250-api.jar,file:/C:/Users/lunaz/.m2/repository/com/sun/xml/ws/jaxws-rt/2.1.4/saaj-api.jar,file:/C:/Users/lunaz/.m2/repository/com/sun/xml/ws/jaxws-rt/2.1.4/saaj-impl.jar,file:/C:/Users/lunaz/.m2/repository/com/sun/xml/ws/jaxws-rt/2.1.4/jsr173_api.jar,file:/C:/Users/lunaz/.m2/repository/com/sun/xml/ws/jaxws-rt/2.1.4/sjsxp.jar,file:/C:/Users/lunaz/.m2/repository/com/sun/xml/ws/jaxws-rt/2.1.4/resolver.jar,file:/C:/Users/lunaz/.m2/repository/com/sun/xml/ws/jaxws-rt/2.1.4/jaxb-api.jar,file:/C:/Users/lunaz/.m2/repository/com/sun/xml/ws/jaxws-rt/2.1.4/jaxb-impl.jar,file:/C:/Users/lunaz/.m2/repository/com/sun/xml/ws/jaxws-rt/2.1.4/activation.jar,file:/C:/Users/lunaz/.m2/repository/com/sun/xml/ws/jaxws-rt/2.1.4/stax-ex.jar,file:/C:/Users/lunaz/.m2/repository/com/sun/xml/ws/jaxws-rt/2.1.4/streambuffer.jar,file:/C:/Users/lunaz/.m2/repository/com/sun/xml/ws/jaxws-rt/2.1.4/stax-utils.jar
2021-12-10 15:30:12.074  INFO 10116 --- [restartedMain] o.s.b.devtools.restart.ChangeableUrls    : The Class-Path manifest attribute in C:\Users\lunaz\.m2\repository\com\sun\xml\bind\jaxb-impl\2.1.7\jaxb-impl-2.1.7.jar referenced one or more files that do not exist: file:/C:/Users/lunaz/.m2/repository/com/sun/xml/bind/jaxb-impl/2.1.7/jaxb-api.jar,file:/C:/Users/lunaz/.m2/repository/com/sun/xml/bind/jaxb-impl/2.1.7/activation.jar,file:/C:/Users/lunaz/.m2/repository/com/sun/xml/bind/jaxb-impl/2.1.7/jsr173_1.0_api.jar,file:/C:/Users/lunaz/.m2/repository/com/sun/xml/bind/jaxb-impl/2.1.7/jaxb1-impl.jar
2021-12-10 15:30:12.075  INFO 10116 --- [restartedMain] o.s.b.devtools.restart.ChangeableUrls    : The Class-Path manifest attribute in C:\Users\lunaz\.m2\repository\org\jopendocument\jOpenDocument\1.2\jOpenDocument-1.2.jar referenced one or more files that do not exist: file:/C:/Users/lunaz/.m2/repository/org/jopendocument/jOpenDocument/1.2/xbean.jar
2021-12-10 15:30:12.076  INFO 10116 --- [restartedMain] .e.DevToolsPropertyDefaultsPostProcessor : Devtools property defaults active! Set 'spring.devtools.add-properties' to 'false' to disable
2021-12-10 15:30:12.077  INFO 10116 --- [restartedMain] .e.DevToolsPropertyDefaultsPostProcessor : For additional web related logging consider setting the 'logging.level.web' property to 'DEBUG'
2021-12-10 15:30:14.551  INFO 10116 --- [restartedMain] .s.d.r.c.RepositoryConfigurationDelegate : Bootstrapping Spring Data JPA repositories in DEFERRED mode.
2021-12-10 15:30:14.901  INFO 10116 --- [restartedMain] .s.d.r.c.RepositoryConfigurationDelegate : Finished Spring Data repository scanning in 333 ms. Found 7 JPA repository interfaces.
2021-12-10 15:30:15.828  INFO 10116 --- [restartedMain] trationDelegate$BeanPostProcessorChecker : Bean 'org.springframework.security.access.expression.method.DefaultMethodSecurityExpressionHandler@56ff3ff5' of type [org.springframework.security.access.expression.method.DefaultMethodSecurityExpressionHandler] is not eligible for getting processed by all BeanPostProcessors (for example: not eligible for auto-proxying)
2021-12-10 15:30:15.842  INFO 10116 --- [restartedMain] trationDelegate$BeanPostProcessorChecker : Bean 'methodSecurityMetadataSource' of type [org.springframework.security.access.method.DelegatingMethodSecurityMetadataSource] is not eligible for getting processed by all BeanPostProcessors (for example: not eligible for auto-proxying)
2021-12-10 15:30:17.522  INFO 10116 --- [restartedMain] o.s.b.w.embedded.tomcat.TomcatWebServer  : Tomcat initialized with port(s): 8085 (http)
2021-12-10 15:30:17.542  INFO 10116 --- [restartedMain] o.apache.catalina.core.StandardService   : Starting service [Tomcat]
2021-12-10 15:30:17.543  INFO 10116 --- [restartedMain] org.apache.catalina.core.StandardEngine  : Starting Servlet engine: [Apache Tomcat/9.0.39]
2021-12-10 15:30:17.833  INFO 10116 --- [restartedMain] o.a.c.c.C.[Tomcat].[localhost].[/]       : Initializing Spring embedded WebApplicationContext
2021-12-10 15:30:17.836  INFO 10116 --- [restartedMain] w.s.c.ServletWebServerApplicationContext : Root WebApplicationContext: initialization completed in 5757 ms
2021-12-10 15:30:18.438  INFO 10116 --- [restartedMain] o.s.s.concurrent.ThreadPoolTaskExecutor  : Initializing ExecutorService 'applicationTaskExecutor'
2021-12-10 15:30:18.527  INFO 10116 --- [restartedMain] o.s.s.c.ThreadPoolTaskScheduler          : Initializing ExecutorService 'taskScheduler'
2021-12-10 15:30:18.748  INFO 10116 --- [task-1] o.hibernate.jpa.internal.util.LogHelper  : HHH000204: Processing PersistenceUnitInfo [name: default]
2021-12-10 15:30:19.059  INFO 10116 --- [task-1] org.hibernate.Version                    : HHH000412: Hibernate ORM core version 5.4.23.Final
2021-12-10 15:30:19.640  WARN 10116 --- [restartedMain] JpaBaseConfiguration$JpaWebConfiguration : spring.jpa.open-in-view is enabled by default. Therefore, database queries may be performed during view rendering. Explicitly configure spring.jpa.open-in-view to disable this warning
2021-12-10 15:30:19.669  INFO 10116 --- [task-1] o.hibernate.annotations.common.Version   : HCANN000001: Hibernate Commons Annotations {5.1.2.Final}
2021-12-10 15:30:20.665  INFO 10116 --- [task-1] com.zaxxer.hikari.HikariDataSource       : HikariPool-1 - Starting...
2021-12-10 15:30:22.067  INFO 10116 --- [task-1] com.zaxxer.hikari.HikariDataSource       : HikariPool-1 - Start completed.
2021-12-10 15:30:22.183  INFO 10116 --- [task-1] org.hibernate.dialect.Dialect            : HHH000400: Using dialect: org.hibernate.dialect.MySQL8Dialect
2021-12-10 15:30:23.116  WARN 10116 --- [restartedMain] o.s.b.d.a.OptionalLiveReloadServer       : Unable to start LiveReload server
2021-12-10 15:30:24.118  INFO 10116 --- [restartedMain] o.s.s.web.DefaultSecurityFilterChain     : Will secure Ant [pattern='/', GET] with []
2021-12-10 15:30:24.119  INFO 10116 --- [restartedMain] o.s.s.web.DefaultSecurityFilterChain     : Will secure Ant [pattern='/webjars/**', GET] with []
2021-12-10 15:30:24.123  INFO 10116 --- [restartedMain] o.s.s.web.DefaultSecurityFilterChain     : Will secure Ant [pattern='/*.html', GET] with []
2021-12-10 15:30:24.126  INFO 10116 --- [restartedMain] o.s.s.web.DefaultSecurityFilterChain     : Will secure Ant [pattern='/favicon.ico', GET] with []
2021-12-10 15:30:24.126  INFO 10116 --- [restartedMain] o.s.s.web.DefaultSecurityFilterChain     : Will secure Ant [pattern='/**/*.html', GET] with []
2021-12-10 15:30:24.128  INFO 10116 --- [restartedMain] o.s.s.web.DefaultSecurityFilterChain     : Will secure Ant [pattern='/**/*.css', GET] with []
2021-12-10 15:30:24.129  INFO 10116 --- [restartedMain] o.s.s.web.DefaultSecurityFilterChain     : Will secure Ant [pattern='/**/*.js', GET] with []
2021-12-10 15:30:24.129  INFO 10116 --- [restartedMain] o.s.s.web.DefaultSecurityFilterChain     : Will secure Ant [pattern='/api/auth/login', POST] with []
2021-12-10 15:30:24.129  INFO 10116 --- [restartedMain] o.s.s.web.DefaultSecurityFilterChain     : Will secure Ant [pattern='/api/auth/signup', POST] with []
2021-12-10 15:30:24.132  INFO 10116 --- [restartedMain] o.s.s.web.DefaultSecurityFilterChain     : Will secure Ant [pattern='/api/items/add', POST] with []
2021-12-10 15:30:24.200  INFO 10116 --- [restartedMain] o.s.s.web.DefaultSecurityFilterChain     : Will secure any request with [org.springframework.security.web.context.request.async.WebAsyncManagerIntegrationFilter@2137eb44, org.springframework.security.web.context.SecurityContextPersistenceFilter@7e0074ba, org.springframework.security.web.header.HeaderWriterFilter@9c95595, org.springframework.web.filter.CorsFilter@4834aa8c, org.springframework.security.web.authentication.logout.LogoutFilter@510c3196, com.example.WebShop.Authentication.TokenAuthenticationFilter@5d422f34, org.springframework.security.web.savedrequest.RequestCacheAwareFilter@6c2afefe, org.springframework.security.web.servletapi.SecurityContextHolderAwareRequestFilter@590741db, org.springframework.security.web.authentication.AnonymousAuthenticationFilter@15e948cc, org.springframework.security.web.session.SessionManagementFilter@aeb1b0e, org.springframework.security.web.access.ExceptionTranslationFilter@72e6146f, org.springframework.security.web.access.intercept.FilterSecurityInterceptor@1dfdaabc]
2021-12-10 15:30:24.258  WARN 10116 --- [restartedMain] ion$DefaultTemplateResolverConfiguration : Cannot find template location: classpath:/templates/ (please add some templates or check your Thymeleaf configuration)
2021-12-10 15:30:24.729  INFO 10116 --- [restartedMain] o.s.b.w.embedded.tomcat.TomcatWebServer  : Tomcat started on port(s): 8085 (http) with context path ''
2021-12-10 15:30:25.373  INFO 10116 --- [task-1] o.h.e.t.j.p.i.JtaPlatformInitiator       : HHH000490: Using JtaPlatform implementation: [org.hibernate.engine.transaction.jta.platform.internal.NoJtaPlatform]
2021-12-10 15:30:25.424  INFO 10116 --- [task-1] j.LocalContainerEntityManagerFactoryBean : Initialized JPA EntityManagerFactory for persistence unit 'default'
2021-12-10 15:30:25.732  INFO 10116 --- [restartedMain] DeferredRepositoryInitializationListener : Triggering deferred initialization of Spring Data repositories…
2021-12-10 15:30:26.783  INFO 10116 --- [restartedMain] DeferredRepositoryInitializationListener : Spring Data repositories initialized!
2021-12-10 15:30:26.803  INFO 10116 --- [restartedMain] com.example.WebShop.WebShopApplication   : Started WebShopApplication in 15.834 seconds (JVM running for 18.499)
2021-12-10 15:30:46.754  INFO 10116 --- [http-nio-8085-exec-1] o.a.c.c.C.[Tomcat].[localhost].[/]       : Initializing Spring DispatcherServlet 'dispatcherServlet'
2021-12-10 15:30:46.754  INFO 10116 --- [http-nio-8085-exec-1] o.s.web.servlet.DispatcherServlet        : Initializing Servlet 'dispatcherServlet'
2021-12-10 15:30:46.766  INFO 10116 --- [http-nio-8085-exec-1] o.s.web.servlet.DispatcherServlet        : Completed initialization in 12 ms
2021-12-10 15:30:47.412  INFO 10116 --- [http-nio-8085-exec-2] c.e.W.C.AuthenticationController         : User user has just logged in.
2021-12-10 15:30:47.966  INFO 10116 --- [http-nio-8085-exec-4] c.e.W.Controllers.ProductController      : User user is overviewing products.
2021-12-10 15:30:49.606  INFO 10116 --- [http-nio-8085-exec-6] c.e.WebShop.Controllers.CartController   : User: useris viewing its cart.
2021-12-10 15:30:54.153  INFO 10116 --- [http-nio-8085-exec-8] c.e.W.Controllers.PurchaseController     : User user is overviewing its purchases
2021-12-10 15:30:57.904  INFO 10116 --- [http-nio-8085-exec-9] c.e.WebShop.Controllers.CartController   : User: useris viewing its cart.
2021-12-10 15:32:42.529  INFO 10116 --- [http-nio-8085-exec-1] c.e.W.Controllers.ProductController      : User user is overviewing products.
2021-12-10 15:34:01.434  INFO 10116 --- [http-nio-8085-exec-3] c.e.W.Controllers.PurchaseController     : User user is overviewing its purchases
2021-12-10 15:34:03.045  INFO 10116 --- [http-nio-8085-exec-4] c.e.WebShop.Controllers.CartController   : User: useris viewing its cart.
2021-12-10 15:34:45.314  INFO 10116 --- [http-nio-8085-exec-5] c.e.W.Controllers.PurchaseController     : User user is overviewing its purchases
2021-12-10 15:34:47.803  INFO 10116 --- [http-nio-8085-exec-6] c.e.WebShop.Controllers.CartController   : User: useris viewing its cart.
2021-12-10 15:34:49.209  INFO 10116 --- [http-nio-8085-exec-7] c.e.W.Controllers.PurchaseController     : User user is overviewing its purchases
2021-12-10 15:34:51.255  INFO 10116 --- [http-nio-8085-exec-8] c.e.W.Controllers.PurchaseController     : User user is overviewing its purchases
2021-12-10 15:34:57.484  INFO 10116 --- [http-nio-8085-exec-9] c.e.WebShop.Controllers.CartController   : User: useris viewing its cart.
2021-12-10 15:34:59.655  INFO 10116 --- [http-nio-8085-exec-10] c.e.W.Controllers.PurchaseController     : User user is overviewing its purchases
2021-12-10 15:35:02.637  INFO 10116 --- [http-nio-8085-exec-1] c.e.WebShop.Controllers.CartController   : User: useris viewing its cart.
2021-12-10 15:42:33.460  INFO 10116 --- [http-nio-8085-exec-3] c.e.WebShop.Controllers.CartController   : User: useris viewing its cart.
2021-12-10 15:43:55.340  INFO 10116 --- [http-nio-8085-exec-5] c.e.WebShop.Controllers.CartController   : User: useris viewing its cart.
2021-12-10 15:48:37.351  INFO 10116 --- [http-nio-8085-exec-7] c.e.WebShop.Controllers.CartController   : User: useris viewing its cart.
2021-12-10 15:48:46.527  INFO 10116 --- [http-nio-8085-exec-8] c.e.WebShop.Controllers.CartController   : User: useris viewing its cart.
2021-12-10 15:51:47.589  INFO 10116 --- [http-nio-8085-exec-10] c.e.WebShop.Controllers.CartController   : User: useris viewing its cart.
2021-12-10 15:57:11.284  INFO 10116 --- [http-nio-8085-exec-2] c.e.WebShop.Controllers.CartController   : User: useris viewing its cart.
2021-12-10 16:00:33.825  INFO 10116 --- [http-nio-8085-exec-4] c.e.WebShop.Controllers.CartController   : User: useris viewing its cart.
2021-12-10 16:06:11.952  INFO 10116 --- [http-nio-8085-exec-7] c.e.WebShop.Controllers.CartController   : User: useris viewing its cart.
2021-12-10 16:08:48.705  INFO 10116 --- [http-nio-8085-exec-9] c.e.WebShop.Controllers.CartController   : User: useris viewing its cart.
2021-12-10 16:12:27.627  INFO 10116 --- [http-nio-8085-exec-1] c.e.WebShop.Controllers.CartController   : User: useris viewing its cart.
2021-12-10 16:13:57.134  INFO 10116 --- [http-nio-8085-exec-3] c.e.WebShop.Controllers.CartController   : User: useris viewing its cart.
2021-12-10 16:14:07.467  INFO 10116 --- [http-nio-8085-exec-4] c.e.WebShop.Controllers.CartController   : User: useris viewing its cart.
2021-12-10 16:15:40.977  INFO 10116 --- [http-nio-8085-exec-6] c.e.WebShop.Controllers.CartController   : User: useris viewing its cart.
2021-12-10 16:18:32.933  INFO 10116 --- [http-nio-8085-exec-8] c.e.WebShop.Controllers.CartController   : User: useris viewing its cart.
2021-12-10 16:21:54.228  INFO 10116 --- [http-nio-8085-exec-10] c.e.WebShop.Controllers.CartController   : User: useris viewing its cart.
2021-12-10 16:26:56.922  INFO 10116 --- [http-nio-8085-exec-2] c.e.WebShop.Controllers.CartController   : User: useris viewing its cart.
2021-12-10 16:27:26.450  INFO 10116 --- [http-nio-8085-exec-3] c.e.WebShop.Controllers.CartController   : User: useris viewing its cart.
2021-12-10 16:29:15.681  INFO 10116 --- [http-nio-8085-exec-5] c.e.WebShop.Controllers.CartController   : User: useris viewing its cart.
2021-12-10 16:29:48.042  INFO 10116 --- [http-nio-8085-exec-6] c.e.WebShop.Controllers.CartController   : User: useris viewing its cart.
2021-12-10 16:30:58.439  INFO 10116 --- [http-nio-8085-exec-8] c.e.WebShop.Controllers.CartController   : User: useris viewing its cart.
2021-12-10 16:31:49.497  INFO 10116 --- [http-nio-8085-exec-9] c.e.WebShop.Controllers.CartController   : User: useris viewing its cart.
2021-12-10 16:35:35.197  INFO 10116 --- [http-nio-8085-exec-1] c.e.WebShop.Controllers.CartController   : User: useris viewing its cart.
2021-12-10 16:36:06.979  INFO 10116 --- [http-nio-8085-exec-2] c.e.WebShop.Controllers.CartController   : User: useris viewing its cart.
2021-12-10 16:39:21.634  INFO 10116 --- [http-nio-8085-exec-5] c.e.WebShop.Controllers.CartController   : User: useris viewing its cart.
2021-12-10 16:39:42.710  INFO 10116 --- [http-nio-8085-exec-6] c.e.WebShop.Controllers.CartController   : User: useris viewing its cart.
2021-12-10 16:40:09.185  INFO 10116 --- [http-nio-8085-exec-7] c.e.WebShop.Controllers.CartController   : User: useris viewing its cart.
2021-12-10 16:40:41.508  INFO 10116 --- [http-nio-8085-exec-8] c.e.WebShop.Controllers.CartController   : User: useris viewing its cart.
2021-12-10 16:41:05.102  INFO 10116 --- [http-nio-8085-exec-9] c.e.WebShop.Controllers.CartController   : User: useris viewing its cart.
2021-12-10 16:50:43.940  INFO 10116 --- [http-nio-8085-exec-1] c.e.WebShop.Controllers.CartController   : User: useris viewing its cart.
2021-12-10 16:50:49.193  INFO 10116 --- [http-nio-8085-exec-2] c.e.WebShop.Controllers.CartController   : User: useris viewing its cart.
2021-12-10 16:50:49.277  INFO 10116 --- [http-nio-8085-exec-3] c.e.WebShop.Controllers.CartController   : User: useris viewing its cart.
2021-12-10 16:51:28.975  INFO 10116 --- [http-nio-8085-exec-4] c.e.WebShop.Controllers.CartController   : User: useris viewing its cart.
2021-12-10 16:51:29.056  INFO 10116 --- [http-nio-8085-exec-5] c.e.WebShop.Controllers.CartController   : User: useris viewing its cart.
2021-12-10 16:57:14.165  INFO 10116 --- [http-nio-8085-exec-7] c.e.WebShop.Controllers.CartController   : User: useris viewing its cart.
2021-12-10 16:59:06.254  INFO 10116 --- [http-nio-8085-exec-9] c.e.WebShop.Controllers.CartController   : User: useris viewing its cart.
2021-12-10 17:01:04.293  INFO 10116 --- [http-nio-8085-exec-1] c.e.WebShop.Controllers.CartController   : User: useris viewing its cart.
2021-12-10 17:01:48.040  INFO 10116 --- [http-nio-8085-exec-2] c.e.WebShop.Controllers.CartController   : User: useris viewing its cart.
2021-12-10 17:02:42.659  INFO 10116 --- [http-nio-8085-exec-3] c.e.WebShop.Controllers.CartController   : User: useris viewing its cart.
2021-12-10 17:03:29.601  INFO 10116 --- [http-nio-8085-exec-4] c.e.WebShop.Controllers.CartController   : User: useris viewing its cart.
2021-12-10 17:04:08.005  INFO 10116 --- [http-nio-8085-exec-5] c.e.WebShop.Controllers.CartController   : User: useris viewing its cart.
2021-12-10 17:04:54.906  INFO 10116 --- [http-nio-8085-exec-6] c.e.WebShop.Controllers.CartController   : User: useris viewing its cart.
2021-12-10 17:06:40.445  INFO 10116 --- [http-nio-8085-exec-8] c.e.WebShop.Controllers.CartController   : User: useris viewing its cart.
2021-12-10 17:06:43.893  INFO 10116 --- [http-nio-8085-exec-9] c.e.WebShop.Controllers.CartController   : User: useris viewing its cart.
2021-12-10 17:06:55.805  INFO 10116 --- [http-nio-8085-exec-10] c.e.WebShop.Controllers.CartController   : User: useris viewing its cart.
2021-12-10 17:08:16.749  INFO 10116 --- [http-nio-8085-exec-2] c.e.WebShop.Controllers.CartController   : User: useris viewing its cart.
2021-12-10 17:08:57.833  INFO 10116 --- [http-nio-8085-exec-3] c.e.WebShop.Controllers.CartController   : User: useris viewing its cart.
2021-12-10 17:20:01.710  INFO 10116 --- [http-nio-8085-exec-6] c.e.WebShop.Controllers.CartController   : User: useris viewing its cart.
2021-12-10 17:20:21.803  INFO 10116 --- [http-nio-8085-exec-8] c.e.W.Controllers.PurchaseController     : User user is making a purchase
2021-12-10 17:20:24.217  INFO 10116 --- [http-nio-8085-exec-9] c.e.WebShop.Controllers.CartController   : User: useris viewing its cart.
2021-12-10 17:21:27.923  INFO 10116 --- [http-nio-8085-exec-2] c.e.W.Controllers.PurchaseController     : User user is overviewing its purchases
2021-12-10 17:28:59.281  INFO 10116 --- [SpringContextShutdownHook] j.LocalContainerEntityManagerFactoryBean : Closing JPA EntityManagerFactory for persistence unit 'default'
2021-12-10 17:28:59.285  INFO 10116 --- [SpringContextShutdownHook] o.s.s.c.ThreadPoolTaskScheduler          : Shutting down ExecutorService 'taskScheduler'
2021-12-10 17:28:59.286  INFO 10116 --- [SpringContextShutdownHook] o.s.s.concurrent.ThreadPoolTaskExecutor  : Shutting down ExecutorService 'applicationTaskExecutor'
2021-12-10 17:28:59.289  INFO 10116 --- [SpringContextShutdownHook] com.zaxxer.hikari.HikariDataSource       : HikariPool-1 - Shutdown initiated...
2021-12-10 17:28:59.298  INFO 10116 --- [SpringContextShutdownHook] com.zaxxer.hikari.HikariDataSource       : HikariPool-1 - Shutdown completed.
